  Group Student.cpp
C:\Users\Quixar\source\repos\Group Student\Group Student.cpp(133,38): warning C4244: 'argument': conversion from '__int64' to 'int', possible loss of data
C:\Users\Quixar\source\repos\Group Student\Group Student.cpp(152,38): warning C4244: 'argument': conversion from '__int64' to 'int', possible loss of data
C:\Users\Quixar\source\repos\Group Student\Group Student.cpp(157,42): warning C4244: 'argument': conversion from '__int64' to 'int', possible loss of data
C:\Users\Quixar\source\repos\Group Student\Group Student.cpp(167,54): warning C4244: 'argument': conversion from '__int64' to 'int', possible loss of data
C:\Users\Quixar\source\repos\Group Student\Group Student.cpp(188,54): warning C4244: 'argument': conversion from '__int64' to 'int', possible loss of data
C:\Users\Quixar\source\repos\Group Student\Group Student.cpp(193,42): warning C4244: 'argument': conversion from '__int64' to 'int', possible loss of data
C:\Users\Quixar\source\repos\Group Student\Group Student.cpp(203,37): warning C4267: 'initializing': conversion from 'size_t' to 'int', possible loss of data
C:\Users\Quixar\source\repos\Group Student\Group Student.cpp(237,13): error C2679: binary '<<': no operator found which takes a right-hand operand of type 'const Student' (or there is no acceptable conversion)
C:\Program Files\Microsoft Visual Studio\2022\Community\VC\Tools\MSVC\14.37.32822\include\ostream(481,39): message : could be 'std::basic_ostream<char,std::char_traits<char>> &std::basic_ostream<char,std::char_traits<char>>::operator <<(std::basic_streambuf<char,std::char_traits<char>> *)'
C:\Program Files\Microsoft Visual Studio\2022\Community\VC\Tools\MSVC\14.37.32822\include\ostream(449,39): message : or       'std::basic_ostream<char,std::char_traits<char>> &std::basic_ostream<char,std::char_traits<char>>::operator <<(const void *)'
C:\Program Files\Microsoft Visual Studio\2022\Community\VC\Tools\MSVC\14.37.32822\include\ostream(431,39): message : or       'std::basic_ostream<char,std::char_traits<char>> &std::basic_ostream<char,std::char_traits<char>>::operator <<(long double)'
C:\Program Files\Microsoft Visual Studio\2022\Community\VC\Tools\MSVC\14.37.32822\include\ostream(413,39): message : or       'std::basic_ostream<char,std::char_traits<char>> &std::basic_ostream<char,std::char_traits<char>>::operator <<(double)'
C:\Program Files\Microsoft Visual Studio\2022\Community\VC\Tools\MSVC\14.37.32822\include\ostream(395,39): message : or       'std::basic_ostream<char,std::char_traits<char>> &std::basic_ostream<char,std::char_traits<char>>::operator <<(float)'
C:\Program Files\Microsoft Visual Studio\2022\Community\VC\Tools\MSVC\14.37.32822\include\ostream(377,39): message : or       'std::basic_ostream<char,std::char_traits<char>> &std::basic_ostream<char,std::char_traits<char>>::operator <<(unsigned __int64)'
C:\Program Files\Microsoft Visual Studio\2022\Community\VC\Tools\MSVC\14.37.32822\include\ostream(359,39): message : or       'std::basic_ostream<char,std::char_traits<char>> &std::basic_ostream<char,std::char_traits<char>>::operator <<(__int64)'
C:\Program Files\Microsoft Visual Studio\2022\Community\VC\Tools\MSVC\14.37.32822\include\ostream(341,39): message : or       'std::basic_ostream<char,std::char_traits<char>> &std::basic_ostream<char,std::char_traits<char>>::operator <<(unsigned long)'
C:\Program Files\Microsoft Visual Studio\2022\Community\VC\Tools\MSVC\14.37.32822\include\ostream(323,39): message : or       'std::basic_ostream<char,std::char_traits<char>> &std::basic_ostream<char,std::char_traits<char>>::operator <<(long)'
C:\Program Files\Microsoft Visual Studio\2022\Community\VC\Tools\MSVC\14.37.32822\include\ostream(304,39): message : or       'std::basic_ostream<char,std::char_traits<char>> &std::basic_ostream<char,std::char_traits<char>>::operator <<(unsigned int)'
C:\Program Files\Microsoft Visual Studio\2022\Community\VC\Tools\MSVC\14.37.32822\include\ostream(278,39): message : or       'std::basic_ostream<char,std::char_traits<char>> &std::basic_ostream<char,std::char_traits<char>>::operator <<(int)'
C:\Program Files\Microsoft Visual Studio\2022\Community\VC\Tools\MSVC\14.37.32822\include\ostream(259,39): message : or       'std::basic_ostream<char,std::char_traits<char>> &std::basic_ostream<char,std::char_traits<char>>::operator <<(unsigned short)'
C:\Program Files\Microsoft Visual Studio\2022\Community\VC\Tools\MSVC\14.37.32822\include\ostream(225,39): message : or       'std::basic_ostream<char,std::char_traits<char>> &std::basic_ostream<char,std::char_traits<char>>::operator <<(short)'
C:\Program Files\Microsoft Visual Studio\2022\Community\VC\Tools\MSVC\14.37.32822\include\ostream(207,39): message : or       'std::basic_ostream<char,std::char_traits<char>> &std::basic_ostream<char,std::char_traits<char>>::operator <<(bool)'
C:\Program Files\Microsoft Visual Studio\2022\Community\VC\Tools\MSVC\14.37.32822\include\ostream(201,39): message : or       'std::basic_ostream<char,std::char_traits<char>> &std::basic_ostream<char,std::char_traits<char>>::operator <<(std::ios_base &(__cdecl *)(std::ios_base &))'
C:\Program Files\Microsoft Visual Studio\2022\Community\VC\Tools\MSVC\14.37.32822\include\ostream(195,39): message : or       'std::basic_ostream<char,std::char_traits<char>> &std::basic_ostream<char,std::char_traits<char>>::operator <<(std::basic_ios<char,std::char_traits<char>> &(__cdecl *)(std::basic_ios<char,std::char_traits<char>> &))'
C:\Program Files\Microsoft Visual Studio\2022\Community\VC\Tools\MSVC\14.37.32822\include\ostream(190,39): message : or       'std::basic_ostream<char,std::char_traits<char>> &std::basic_ostream<char,std::char_traits<char>>::operator <<(std::basic_ostream<char,std::char_traits<char>> &(__cdecl *)(std::basic_ostream<char,std::char_traits<char>> &))'
C:\Program Files\Microsoft Visual Studio\2022\Community\VC\Tools\MSVC\14.37.32822\include\ostream(1081,32): message : or       'std::basic_ostream<_Elem,_Traits> &std::operator <<(std::basic_ostream<_Elem,_Traits> &,const std::error_code &)'
C:\Users\Quixar\source\repos\Group Student\Group Student.cpp(237,21): message : 'initializing': cannot convert from 'const Student' to 'const std::error_code &'
C:\Users\Quixar\source\repos\Group Student\Group Student.cpp(237,21): message : Reason: cannot convert from 'const Student' to 'const std::error_code'
C:\Users\Quixar\source\repos\Group Student\Group Student.cpp(237,21): message : No user-defined-conversion operator available that can perform this conversion, or the operator cannot be called
C:\Program Files\Microsoft Visual Studio\2022\Community\VC\Tools\MSVC\14.37.32822\include\ostream(1004,9): message : or       '_Ostr &&std::operator <<(_Ostr &&,const _Ty &)'
C:\Users\Quixar\source\repos\Group Student\Group Student.cpp(237,13): message : '_Ostr &&std::operator <<(_Ostr &&,const _Ty &)': could not deduce template argument for '__formal'
C:\Program Files\Microsoft Visual Studio\2022\Community\VC\Tools\MSVC\14.37.32822\include\ostream(946,31): message : or       'std::basic_ostream<char,_Traits> &std::operator <<(std::basic_ostream<char,_Traits> &,unsigned char)'
C:\Users\Quixar\source\repos\Group Student\Group Student.cpp(237,21): message : 'initializing': cannot convert from 'const Student' to 'unsigned char'
C:\Users\Quixar\source\repos\Group Student\Group Student.cpp(237,21): message : No user-defined-conversion operator available that can perform this conversion, or the operator cannot be called
C:\Program Files\Microsoft Visual Studio\2022\Community\VC\Tools\MSVC\14.37.32822\include\ostream(940,31): message : or       'std::basic_ostream<char,_Traits> &std::operator <<(std::basic_ostream<char,_Traits> &,const unsigned char *)'
C:\Users\Quixar\source\repos\Group Student\Group Student.cpp(237,21): message : 'initializing': cannot convert from 'const Student' to 'const unsigned char *'
C:\Users\Quixar\source\repos\Group Student\Group Student.cpp(237,21): message : No user-defined-conversion operator available that can perform this conversion, or the operator cannot be called
C:\Program Files\Microsoft Visual Studio\2022\Community\VC\Tools\MSVC\14.37.32822\include\ostream(935,31): message : or       'std::basic_ostream<char,_Traits> &std::operator <<(std::basic_ostream<char,_Traits> &,signed char)'
C:\Users\Quixar\source\repos\Group Student\Group Student.cpp(237,21): message : 'initializing': cannot convert from 'const Student' to 'signed char'
C:\Users\Quixar\source\repos\Group Student\Group Student.cpp(237,21): message : No user-defined-conversion operator available that can perform this conversion, or the operator cannot be called
C:\Program Files\Microsoft Visual Studio\2022\Community\VC\Tools\MSVC\14.37.32822\include\ostream(929,31): message : or       'std::basic_ostream<char,_Traits> &std::operator <<(std::basic_ostream<char,_Traits> &,const signed char *)'
C:\Users\Quixar\source\repos\Group Student\Group Student.cpp(237,21): message : 'initializing': cannot convert from 'const Student' to 'const signed char *'
C:\Users\Quixar\source\repos\Group Student\Group Student.cpp(237,21): message : No user-defined-conversion operator available that can perform this conversion, or the operator cannot be called
C:\Program Files\Microsoft Visual Studio\2022\Community\VC\Tools\MSVC\14.37.32822\include\ostream(893,32): message : or       'std::basic_ostream<_Elem,_Traits> &std::operator <<(std::basic_ostream<_Elem,_Traits> &,_Elem)'
C:\Users\Quixar\source\repos\Group Student\Group Student.cpp(237,13): message : 'std::basic_ostream<_Elem,_Traits> &std::operator <<(std::basic_ostream<_Elem,_Traits> &,_Elem)': template parameter '_Elem' is ambiguous
C:\Users\Quixar\source\repos\Group Student\Group Student.cpp(237,13): message : could be 'Student'
C:\Users\Quixar\source\repos\Group Student\Group Student.cpp(237,13): message : or       'char'
C:\Users\Quixar\source\repos\Group Student\Group Student.cpp(237,13): message : 'std::basic_ostream<_Elem,_Traits> &std::operator <<(std::basic_ostream<_Elem,_Traits> &,_Elem)': could not deduce template argument for '_Elem' from 'const Student'
C:\Program Files\Microsoft Visual Studio\2022\Community\VC\Tools\MSVC\14.37.32822\include\ostream(850,32): message : or       'std::basic_ostream<_Elem,_Traits> &std::operator <<(std::basic_ostream<_Elem,_Traits> &,const _Elem *)'
C:\Users\Quixar\source\repos\Group Student\Group Student.cpp(237,13): message : 'std::basic_ostream<_Elem,_Traits> &std::operator <<(std::basic_ostream<_Elem,_Traits> &,const _Elem *)': could not deduce template argument for 'const _Elem *' from 'const Student'
C:\Program Files\Microsoft Visual Studio\2022\Community\VC\Tools\MSVC\14.37.32822\include\ostream(812,31): message : or       'std::basic_ostream<char,_Traits> &std::operator <<(std::basic_ostream<char,_Traits> &,char)'
C:\Users\Quixar\source\repos\Group Student\Group Student.cpp(237,21): message : 'initializing': cannot convert from 'const Student' to 'char'
C:\Users\Quixar\source\repos\Group Student\Group Student.cpp(237,21): message : No user-defined-conversion operator available that can perform this conversion, or the operator cannot be called
C:\Program Files\Microsoft Visual Studio\2022\Community\VC\Tools\MSVC\14.37.32822\include\ostream(767,31): message : or       'std::basic_ostream<char,_Traits> &std::operator <<(std::basic_ostream<char,_Traits> &,const char *)'
C:\Users\Quixar\source\repos\Group Student\Group Student.cpp(237,21): message : 'initializing': cannot convert from 'const Student' to 'const char *'
C:\Users\Quixar\source\repos\Group Student\Group Student.cpp(237,21): message : No user-defined-conversion operator available that can perform this conversion, or the operator cannot be called
C:\Program Files\Microsoft Visual Studio\2022\Community\VC\Tools\MSVC\14.37.32822\include\ostream(731,32): message : or       'std::basic_ostream<_Elem,_Traits> &std::operator <<(std::basic_ostream<_Elem,_Traits> &,char)'
C:\Users\Quixar\source\repos\Group Student\Group Student.cpp(237,21): message : 'initializing': cannot convert from 'const Student' to 'char'
C:\Users\Quixar\source\repos\Group Student\Group Student.cpp(237,21): message : No user-defined-conversion operator available that can perform this conversion, or the operator cannot be called
C:\Program Files\Microsoft Visual Studio\2022\Community\VC\Tools\MSVC\14.37.32822\include\ostream(687,32): message : or       'std::basic_ostream<_Elem,_Traits> &std::operator <<(std::basic_ostream<_Elem,_Traits> &,const char *)'
C:\Users\Quixar\source\repos\Group Student\Group Student.cpp(237,21): message : 'initializing': cannot convert from 'const Student' to 'const char *'
C:\Users\Quixar\source\repos\Group Student\Group Student.cpp(237,21): message : No user-defined-conversion operator available that can perform this conversion, or the operator cannot be called
C:\Program Files\Microsoft Visual Studio\2022\Community\VC\Tools\MSVC\14.37.32822\include\memory(3641,32): message : or       'std::basic_ostream<_Elem,_Traits> &std::operator <<(std::basic_ostream<_Elem,_Traits> &,const std::unique_ptr<_Ty2,_Dx2> &)'
C:\Users\Quixar\source\repos\Group Student\Group Student.cpp(237,13): message : 'std::basic_ostream<_Elem,_Traits> &std::operator <<(std::basic_ostream<_Elem,_Traits> &,const std::unique_ptr<_Ty2,_Dx2> &)': could not deduce template argument for 'const std::unique_ptr<_Ty2,_Dx2> &' from 'const Student'
C:\Program Files\Microsoft Visual Studio\2022\Community\VC\Tools\MSVC\14.37.32822\include\memory(1988,32): message : or       'std::basic_ostream<_Elem,_Traits> &std::operator <<(std::basic_ostream<_Elem,_Traits> &,const std::shared_ptr<_Ty> &)'
C:\Users\Quixar\source\repos\Group Student\Group Student.cpp(237,13): message : 'std::basic_ostream<_Elem,_Traits> &std::operator <<(std::basic_ostream<_Elem,_Traits> &,const std::shared_ptr<_Ty> &)': could not deduce template argument for 'const std::shared_ptr<_Ty> &' from 'const Student'
C:\Program Files\Microsoft Visual Studio\2022\Community\VC\Tools\MSVC\14.37.32822\include\xstring(5185,32): message : or       'std::basic_ostream<_Elem,_Traits> &std::operator <<(std::basic_ostream<_Elem,_Traits> &,const std::basic_string<_Elem,_Traits,_Alloc> &)'
C:\Users\Quixar\source\repos\Group Student\Group Student.cpp(237,13): message : 'std::basic_ostream<_Elem,_Traits> &std::operator <<(std::basic_ostream<_Elem,_Traits> &,const std::basic_string<_Elem,_Traits,_Alloc> &)': could not deduce template argument for 'const std::basic_string<_Elem,_Traits,_Alloc> &' from 'const Student'
C:\Users\Quixar\source\repos\Group Student\Group Student.cpp(237,13): message : while trying to match the argument list '(std::ostream, const Student)'
C:\Users\Quixar\source\repos\Group Student\Group Student.cpp(361,13): warning C4566: character represented by universal-character-name '\u041A' cannot be represented in the current code page (1252)
C:\Users\Quixar\source\repos\Group Student\Group Student.cpp(361,13): warning C4566: character represented by universal-character-name '\u0430' cannot be represented in the current code page (1252)
C:\Users\Quixar\source\repos\Group Student\Group Student.cpp(361,13): warning C4566: character represented by universal-character-name '\u043A' cannot be represented in the current code page (1252)
C:\Users\Quixar\source\repos\Group Student\Group Student.cpp(361,13): warning C4566: character represented by universal-character-name '\u044F' cannot be represented in the current code page (1252)
C:\Users\Quixar\source\repos\Group Student\Group Student.cpp(361,13): warning C4566: character represented by universal-character-name '\u0443' cannot be represented in the current code page (1252)
C:\Users\Quixar\source\repos\Group Student\Group Student.cpp(361,13): warning C4566: character represented by universal-character-name '\u0442' cannot be represented in the current code page (1252)
C:\Users\Quixar\source\repos\Group Student\Group Student.cpp(361,13): warning C4566: character represented by universal-character-name '\u0435' cannot be represented in the current code page (1252)
C:\Users\Quixar\source\repos\Group Student\Group Student.cpp(361,13): warning C4566: character represented by universal-character-name '\u0431' cannot be represented in the current code page (1252)
C:\Users\Quixar\source\repos\Group Student\Group Student.cpp(361,13): warning C4566: character represented by universal-character-name '\u0444' cannot be represented in the current code page (1252)
C:\Users\Quixar\source\repos\Group Student\Group Student.cpp(361,13): warning C4566: character represented by universal-character-name '\u043C' cannot be represented in the current code page (1252)
C:\Users\Quixar\source\repos\Group Student\Group Student.cpp(361,13): warning C4566: character represented by universal-character-name '\u0438' cannot be represented in the current code page (1252)
C:\Users\Quixar\source\repos\Group Student\Group Student.cpp(361,13): warning C4566: character represented by universal-character-name '\u043B' cannot be represented in the current code page (1252)
C:\Users\Quixar\source\repos\Group Student\Group Student.cpp(364,13): warning C4566: character represented by universal-character-name '\u041A' cannot be represented in the current code page (1252)
C:\Users\Quixar\source\repos\Group Student\Group Student.cpp(364,13): warning C4566: character represented by universal-character-name '\u0430' cannot be represented in the current code page (1252)
C:\Users\Quixar\source\repos\Group Student\Group Student.cpp(364,13): warning C4566: character represented by universal-character-name '\u043A' cannot be represented in the current code page (1252)
C:\Users\Quixar\source\repos\Group Student\Group Student.cpp(364,13): warning C4566: character represented by universal-character-name '\u0442' cannot be represented in the current code page (1252)
C:\Users\Quixar\source\repos\Group Student\Group Student.cpp(364,13): warning C4566: character represented by universal-character-name '\u0435' cannot be represented in the current code page (1252)
C:\Users\Quixar\source\repos\Group Student\Group Student.cpp(364,13): warning C4566: character represented by universal-character-name '\u0431' cannot be represented in the current code page (1252)
C:\Users\Quixar\source\repos\Group Student\Group Student.cpp(364,13): warning C4566: character represented by universal-character-name '\u044F' cannot be represented in the current code page (1252)
C:\Users\Quixar\source\repos\Group Student\Group Student.cpp(364,13): warning C4566: character represented by universal-character-name '\u0437' cannot be represented in the current code page (1252)
C:\Users\Quixar\source\repos\Group Student\Group Student.cpp(364,13): warning C4566: character represented by universal-character-name '\u043E' cannot be represented in the current code page (1252)
C:\Users\Quixar\source\repos\Group Student\Group Student.cpp(364,13): warning C4566: character represented by universal-character-name '\u0432' cannot be represented in the current code page (1252)
C:\Users\Quixar\source\repos\Group Student\Group Student.cpp(364,13): warning C4566: character represented by universal-character-name '\u0443' cannot be represented in the current code page (1252)
C:\Users\Quixar\source\repos\Group Student\Group Student.cpp(367,13): warning C4566: character represented by universal-character-name '\u041A' cannot be represented in the current code page (1252)
C:\Users\Quixar\source\repos\Group Student\Group Student.cpp(367,13): warning C4566: character represented by universal-character-name '\u0430' cannot be represented in the current code page (1252)
C:\Users\Quixar\source\repos\Group Student\Group Student.cpp(367,13): warning C4566: character represented by universal-character-name '\u043A' cannot be represented in the current code page (1252)
C:\Users\Quixar\source\repos\Group Student\Group Student.cpp(367,13): warning C4566: character represented by universal-character-name '\u043E' cannot be represented in the current code page (1252)
C:\Users\Quixar\source\repos\Group Student\Group Student.cpp(367,13): warning C4566: character represented by universal-character-name '\u0435' cannot be represented in the current code page (1252)
C:\Users\Quixar\source\repos\Group Student\Group Student.cpp(367,13): warning C4566: character represented by universal-character-name '\u0443' cannot be represented in the current code page (1252)
C:\Users\Quixar\source\repos\Group Student\Group Student.cpp(367,13): warning C4566: character represented by universal-character-name '\u0442' cannot be represented in the current code page (1252)
C:\Users\Quixar\source\repos\Group Student\Group Student.cpp(367,13): warning C4566: character represented by universal-character-name '\u0431' cannot be represented in the current code page (1252)
C:\Users\Quixar\source\repos\Group Student\Group Student.cpp(367,13): warning C4566: character represented by universal-character-name '\u044F' cannot be represented in the current code page (1252)
C:\Users\Quixar\source\repos\Group Student\Group Student.cpp(367,13): warning C4566: character represented by universal-character-name '\u0447' cannot be represented in the current code page (1252)
C:\Users\Quixar\source\repos\Group Student\Group Student.cpp(367,13): warning C4566: character represented by universal-character-name '\u0441' cannot be represented in the current code page (1252)
C:\Users\Quixar\source\repos\Group Student\Group Student.cpp(367,13): warning C4566: character represented by universal-character-name '\u0432' cannot be represented in the current code page (1252)
C:\Users\Quixar\source\repos\Group Student\Group Student.cpp(532,16): warning C4244: 'initializing': conversion from '__int64' to 'int', possible loss of data
